<?xml version="1.0" encoding="UTF-8"?>
<!-- Generated by org.testng.reporters.JUnitReportReporter -->
<testsuite skipped="0" hostname="DESKTOP-4RLKFEF" name="TestCases.Login" tests="4" failures="0" timestamp="2022-03-29T18:59:12 IST" time="8.619" errors="0">
  <testcase name="verifyLoginPageMandatoryValidations" time="0.851" classname="TestCases.Login"/>
  <system-out/>
  <testcase name="verifyLogin" time="5.342" classname="TestCases.Login"/>
  <system-out/>
  <testcase name="verifyTitleVerification" time="2.181" classname="TestCases.Login"/>
  <system-out/>
  <testcase name="verifyApplication_UrlVerification" time="0.245" classname="TestCases.Login"/>
  <system-out/>
</testsuite> <!-- TestCases.Login -->
