<?xml version="1.0" encoding="UTF-8"?>
<!-- Generated by org.testng.reporters.JUnitReportReporter -->
<testsuite skipped="0" hostname="DESKTOP-4RLKFEF" name="TestCases.Dashboard" tests="4" failures="0" timestamp="2022-03-29T17:09:10 IST" time="4.059" errors="0">
  <testcase name="verifyApplicationLogoIsPresent" time="0.179" classname="TestCases.Dashboard"/>
  <system-out/>
  <testcase name="verifyAllTheTabsArePresent" time="0.969" classname="TestCases.Dashboard"/>
  <system-out/>
  <testcase name="verifyAllHeaderbuttonsPresent" time="0.371" classname="TestCases.Dashboard"/>
  <system-out/>
  <testcase name="verifyAdminDetails" time="2.540" classname="TestCases.Dashboard"/>
  <system-out/>
</testsuite> <!-- TestCases.Dashboard -->
