<?xml version="1.0" encoding="UTF-8"?>
<!-- Generated by org.testng.reporters.JUnitReportReporter -->
<testsuite skipped="2" hostname="DESKTOP-4RLKFEF" name="TestCases.ClientTab" tests="10" failures="0" timestamp="2022-03-29T18:48:58 IST" time="34.768" errors="0">
  <testcase name="verifyAddClientPopupMandatoryValidations" time="3.953" classname="TestCases.ClientTab"/>
  <system-out/>
  <testcase name="verifyAddingNewClient" time="3.442" classname="TestCases.ClientTab"/>
  <system-out/>
  <testcase name="verifySearchingNewlyAddedClient" time="3.438" classname="TestCases.ClientTab"/>
  <system-out/>
  <testcase name="verifyEditingClient" time="2.608" classname="TestCases.ClientTab"/>
  <system-out/>
  <testcase name="verifyDeletingClient" time="4.781" classname="TestCases.ClientTab"/>
  <system-out/>
  <testcase name="verifyAddingMultipleContacts" time="12.271" classname="TestCases.ClientTab"/>
  <system-out/>
  <testcase name="verifySearchingMultipleContacts" time="3.872" classname="TestCases.ClientTab"/>
  <system-out/>
  <testcase name="verifyDeletingMultipleContacts" time="0.403" classname="TestCases.ClientTab"/>
  <system-out/>
  <testcase name="verifyClientTabSubTabs" classname="TestCases.ClientTab">
    <skipped/>
  </testcase> <!-- verifyClientTabSubTabs -->
  <system-out/>
  <testcase name="verifyImportClient" classname="TestCases.ClientTab">
    <skipped/>
  </testcase> <!-- verifyImportClient -->
  <system-out/>
</testsuite> <!-- TestCases.ClientTab -->
