<?xml version="1.0" encoding="UTF-8"?>
<!-- Generated by org.testng.reporters.JUnitReportReporter -->
<testsuite skipped="0" hostname="DESKTOP-4RLKFEF" name="TestCases.ProjectTab" tests="7" failures="0" timestamp="2022-03-29T17:09:10 IST" time="19.700" errors="0">
  <testcase name="verifyAddingNewLabel" time="4.404" classname="TestCases.ProjectTab"/>
  <system-out/>
  <testcase name="verifyDeletinglabel" time="0.410" classname="TestCases.ProjectTab"/>
  <system-out/>
  <testcase name="verifyAddProjectMandatoryValidations" time="4.033" classname="TestCases.ProjectTab"/>
  <system-out/>
  <testcase name="verifyAddingNewProject" time="2.962" classname="TestCases.ProjectTab"/>
  <system-out/>
  <testcase name="verifySearchingNewlyAddedProject" time="0.675" classname="TestCases.ProjectTab"/>
  <system-out/>
  <testcase name="verifyEditingProject" time="3.414" classname="TestCases.ProjectTab"/>
  <system-out/>
  <testcase name="verifyDeletingProject" time="3.802" classname="TestCases.ProjectTab"/>
  <system-out/>
</testsuite> <!-- TestCases.ProjectTab -->
