<?xml version="1.0" encoding="UTF-8"?>
<!-- Generated by org.testng.reporters.JUnitReportReporter -->
<testsuite skipped="0" hostname="DESKTOP-4RLKFEF" name="TestCases.Login" tests="4" failures="0" timestamp="2022-03-29T17:09:10 IST" time="4.119" errors="0">
  <testcase name="verifyLoginPageMandatoryValidations" time="0.793" classname="TestCases.Login"/>
  <system-out/>
  <testcase name="verifyLogin" time="3.192" classname="TestCases.Login"/>
  <system-out/>
  <testcase name="verifyTitleVerification" time="0.066" classname="TestCases.Login"/>
  <system-out/>
  <testcase name="verifyApplication_UrlVerification" time="0.068" classname="TestCases.Login"/>
  <system-out/>
</testsuite> <!-- TestCases.Login -->
