<?xml version="1.0" encoding="UTF-8"?>
<!-- Generated by org.testng.reporters.JUnitReportReporter -->
<testsuite skipped="0" hostname="DESKTOP-4RLKFEF" name="TestCases.Dashboard" tests="4" failures="0" timestamp="2022-03-29T18:48:58 IST" time="5.312" errors="0">
  <testcase name="verifyApplicationLogoIsPresent" time="0.520" classname="TestCases.Dashboard"/>
  <system-out/>
  <testcase name="verifyAllTheTabsArePresent" time="0.840" classname="TestCases.Dashboard"/>
  <system-out/>
  <testcase name="verifyAllHeaderbuttonsPresent" time="0.570" classname="TestCases.Dashboard"/>
  <system-out/>
  <testcase name="verifyAdminDetails" time="3.382" classname="TestCases.Dashboard"/>
  <system-out/>
</testsuite> <!-- TestCases.Dashboard -->
